変えることにした. コメントを普通に書いて, コマンドを#以下に書くことにした.
まずはhttps://github.com/helmuthdu/auiにあるシェルスクリプトでだいたいのものを入れる.

まずはシステム全体のアップデートをする.
#pacman -Syu

次に, kdeのkonsoleを入れる.
#pacman -S kdebase-konsole

既にaui scriptでmostは入れているので, 日本語環境のみを導入
#pacman -S texlive-langjapanese

monacoフォントがわりときにいったので, フォントど導入. たしか, ttf-monacoだったように記憶している.
$yaourt monaco

日本語用に, Rictyフォントをインストール. 結構時間がかかる.
$yaourt ricty

firefoxは既にauiで導入しているので, chrominumを入れる. auiでも入れられるけどね.
#pacman -S chromium

emacs用にddskkを導入した.
$yaourt ddskk

 usb自動マウントの設定をした.
 参考サイトはqiita.com/rbtnn/items/f41791fd9975d00225f8
 しかし, いまのところ認識された様子は無い.
$sudo nano /etc/udev/rules.d/11-media-by-label-auto-mount.rules

>>>>>>>>>11-media-by-label-auto-mount.rules>>>>>
KERNEL!="sd[a-z][0-9]", GOTO="media_by_label_auto_mount_end"

# Import FS infos
IMPORT{program}="/sbin/blkid -o udev -p %N"

# Get a label if present, otherwise specify one
ENV{ID_FS_LABEL}!="", ENV{dir_name}="%E{ID_FS_LABEL}"
ENV{ID_FS_LABEL}=="", ENV{dir_name}="usbhd-%k"

# Global mount options
ACTION=="add", ENV{mount_options}="relatime"
# Filesystem-specific mount options
ACTION=="add", ENV{ID_FS_TYPE}=="vfat|ntfs", ENV{mount_options}="$env{mount_options},utf8,gid=100,umask=002"

# Mount the device
ACTION=="add", RUN+="/bin/mkdir -p /media/%E{dir_name}", RUN+="/bin/mount -o         $env{mount_options} /dev/%k /media/%E{dir_name}"

# Clean up after removal
ACTION=="remove", ENV{dir_name}!="", RUN+="/bin/umount -l /media/%E{dir_name}",     RUN+="/bin/rmdir /media/%E{dir_name}"

# Exit
LABEL="media_by_label_auto_mount_end"
<<<<<<<<<

xmodmapを作成し, キーマップを設定した
$xmodmap .xmodmap

>>>>>>>>>>.xmodmap
!keycode 102 = Control_L
!keycode 100 = Control_L
keycode 101 = Shift_L
keycode 108 = Escape

keycode 102 = Henkan
keycode 100 = Muhenkan



keycode  66 = Control_L NoSymbol Control_L
clear Lock

add Control = Control_L
<<<<<<<<<<

xmodmapを作成する際に, keycodeを調べるために, xevをインストールする.

$yaourt xev
$xev


 99-xmodmapを以下のディレクトリに作成することによって, 自動起動させようと試みた.
$sudo nano /etc/X11/xinit/xinitrc.d/99-xmodmap

>>>>>>>>>>99-xmodmap
#!/bin/bash
xmodmap $HOME/.xmodmap
<<<<<<<<<<

98-ibusを以下のディレクトリに作成して, ibusを自動起動させることにした.
$sudo nano /etc/X11/xinit/xinitrc.d/98-ibus

>>>>>>>>>>98-ibus
#!/bin/bash
#ibus
export GTK_IM_MODULE=ibus
export XMODIFIERS=@im=ibus
export QT_IM_MODULE=ibus
ibus-daemon -drx
<<<<<<<<<<

先ほど作成したものに実行権限を与えます
$sudo chmod +x /etc/X11/xinit/xinitrc.d/98-ibus
$sudo chmod +x /etc/X11/xinit/xinitrc.d/99-xmodmap

.iputrcを作成して, bashのTAB補完の大文字小文字の区別をなくした.
置く場所は$HOME/のところ
$emacs .inputrc
>>>>>>>>.inputrc
set completion-ignore-case on
<<<<<<<<

ibusとibus-morcのインストール. 一緒にibus-skk, morzc, ibus-morzcを入れた.
$yaourt ibus
$yaourt ibus morzc
$yaourt ibus skk

emacsをダウンロード(すでにアップロード済み)して, フォルダを移動させる
$cd git.emacs.d/
$cp *.el ~/.emacs.d/
$cp -a ~/Downloads/<file name>/ac-dict ~/.emacs.d/
$cp -a ~/Downloads/<file name>/elisp ~/.emacs.d/
$cp -a ~/Downloads/<file name>/yspel ~/.emacs.d/
$cp -a ~/Downloads/<file name>/elpa ~/.emacs.d/
$cp -a ~/Downloads/<file name>/eshell ~/.emacs.d/
$cp -a ~/Downloads/<file name>/undohist ~/.emacs.d/
$cp -a ~/Downloads/<file name>/extra-scripts ~/.emacs.d/
$cp -a ~/Downloads/<file name>/snippets ~/.emacs.d/
$cp -a ~/Downloads/<file name>/latexmk* ~/.emacs.d/

aspellを入れわすれていた
$yaourt aspell

設定ファイルを移動させる
$git clone git://github.com/usr4423/linuxsetting
$cp .aspell.* ~/
$cp .latexmkrc ~/

xmonadの設定ファイルを置くフォルダを作る.
$mkdir .xmonad

xmonadのdefaultの設定ファイルを探した.
$sudo locate xmonad.hs

http://oku.edu.mie-u.ac.jp/tex/mod/forum/discuss.php?d=1120を参考にしてpxdviのインストールをする

$mkdir pxdvi
$cd pxdvi
$curl -O http://www.tug.org/~preining/tlptexlive/archive/pxdvi.tar.xz
$curl -O http://www.tug.org/~preining/tlptexlive/archive/pxdvi.i386-linux.tar.xz
$tar xvf pxdvi.tar.xz
$tar xvf pxdvi.i386-linux.tar.xz
$sudo cp -p bin/i386-linux/pxdvi-xaw /usr/bin
$sudo ln -s /usr/bin/pxdvi-xaw /usr/bin/pxdvi
$sudo cp -pR texmf-dist/xdvi /usr/share/texmf-dist/pxdvi
$sudo cp -pR texmf-dist/fonts/map/pxdvi /usr/share/texmf-dist/fonts/map/pxdvi
$sudo mkdir -p /usr/share/texmf-local/web2c
$sudo cp /usr/share/texmf-dist/web2c/texmf.cnf /usr/share/texmf-local/web2c

/usr/share/texmf-local/web2c/texmf.cnf に以下を書き込む

% pxdvi
XDVIINPUTS = /usr/share/texmf-dist/pxdvi

.latexmkrcのdviの部分をpxdviに変更しておきます.

platex で処理された DVI ファイルが表示できる．
$ pxdvi -watchfile 1 hoge.dvi &


http://mytexpert.sourceforge.jp/index.php?TeX%A4%CE%BA%C7%B6%E1%A4%CE%C6%B0%B8%FEを参考にして, 導入
$sudo pacman -S poppler poppler-data
$sudo pacman -S evince

~/.config/fontconfig/fonts.conf を編集します．

>>>>>>>>>fonts.conf
<?xml version="1.0"?>
<!DOCTYPE fontconfig SYSTEM "fonts.dtd">
<fontconfig>
<dir>/usr/local/texlive/2014/texmf-dist/fonts/truetype/public/ipaex</dir>
<dir>/usr/share/texlive/texmf-dist/fonts/truetype/public/ipaex</dir>
<dir>/usr/share/texmf-dist/fonts/truetype/public/ipaex</dir>
<dir>/usr/share/texmf/fonts/truetype/public/ipaex</dir>

<match target="pattern">
<test qual="any" name="family">
<string>Ryumin</string>
</test>
<edit name="family" mode="prepend" binding="strong">
<string>IPAexMincho</string>
</edit>
</match>
<match target="pattern">
<test qual="any" name="family">
<string>GothicBBB</string>
</test>
<edit name="family" mode="prepend" binding="strong">
<string>IPAexGothic</string>
</edit>
</match>

</fontconfig>

<<<<<<<<<<<<<

nkfを導入
yaourt nkf 
